********************************************************************************
DUPLICATOR-LITE PACKAGE-LOG: May 14, 2020 4:22 pm
NOTICE: Do NOT post to public sites or forums 
********************************************************************************
VERSION:	1.3.32
WORDPRESS:	5.4.1
PHP INFO:	7.4.3 | SAPI: apache2handler
SERVER:		Apache/2.4.41 (Win64) OpenSSL/1.1.1c PHP/7.4.3 
PHP TIME LIMIT: (0) no time limit imposed 
PHP MAX MEMORY: 4294967296 (512M default) 
MEMORY STACK: 30MB

********************************************************************************
DATABASE:
********************************************************************************
BUILD MODE:   MYSQLDUMP
MYSQLTIMEOUT: 5000
MYSQLDUMP:    Is Supported
SQL CREATED: 20200514_cssa_4f883b67dc8dce9c4925_20200514161950_database.sql
SQL FILE SIZE: 3.69MB (3870109)
SQL FILE TIME: 2020-05-14 16:22:33
SQL RUNTIME: 5.15 sec.

********************************************************************************
ARCHIVE (ZIP):
********************************************************************************
ARCHIVE DIR:  C:/xampp/htdocs/wordpress
ARCHIVE FILE: 20200514_cssa_4f883b67dc8dce9c4925_20200514161950_archive.zip
FILTERS: *OFF*
DIRS:
	not set
FILES:
	not set
EXTS:  not set
----------------------------------------
COMPRESSING
SIZE:	191.75MB
STATS:	Dirs 1,354 | Files 10,408
SQL ADDED: 20200514_cssa_4f883b67dc8dce9c4925_20200514161950_database.sql
ZipArchive Object
(
    [status] => 0
    [statusSys] => 0
    [numFiles] => 11762
    [filename] => C:\xampp\htdocs\wordpress\wp-snapshots\tmp\20200514_cssa_4f883b67dc8dce9c4925_20200514161950_archive.zip
    [comment] => 
)

FILE ADDED TO ZIP: 11761
COMPRESSION RESULT: '1'
COMPRESSED SIZE: 81.09MB
ARCHIVE RUNTIME: 159.75 sec.
MEMORY STACK: 32MB
building installer
add_extra_files1
add_extra_files2
add_extra_files3
add_extra_files4
Doing archive file check
add_extra_files5
add_extra_files6
add_extra_files8
Successfully opened zip C:/xampp/htdocs/wordpress/wp-snapshots/tmp/20200514_cssa_4f883b67dc8dce9c4925_20200514161950_archive.zip
Adding enhanced installer files to archive using ZipArchive
Installer files added to archive
Added to archive
After ziparchive close when adding installer

********************************************************************************
INTEGRITY CHECKS:
********************************************************************************
SQL FILE: 3.69MB
INSTALLER FILE: 61.31KB
ARCHIVE FILE: 82.62MB 
EXPECTED FILE/DIRECTORY COUNT: 11,762
ACTUAL FILE/DIRECTORY COUNT: 11,761
ARCHIVE CONSISTENCY TEST: Pass

********************************************************************************
RECORD ID:[1]
TOTAL PROCESS RUNTIME: 166.76 sec.
PEAK PHP MEMORY USED: 36MB
DONE PROCESSING => 20200514_cssa May 14, 2020 4:25 pm

